<?xml version="1.0" encoding="UTF-8"?>
<robot generator="Robot 6.1.1 (Python 3.12.1 on win32)" generated="20240118 22:48:58.118" rpa="false" schemaversion="4">
<suite id="s1" name="amzTest" source="C:\projetos\Robot\siteAmz\amz-test-robot\procedural\amzTest.robot">
<test id="s1-t1" name="Caso de Teste 01 - Acesso ao menu &quot;Eletrônicos&quot;" line="12">
<kw name="Abrir o navegador" library="amzTestResource" type="SETUP">
<kw name="Open Browser" library="SeleniumLibrary">
<arg>browser=edge</arg>
<doc>Opens a new browser instance to the optional ``url``.</doc>
<msg timestamp="20240118 22:48:58.319" level="INFO">Opening browser 'edge' to base url 'None'.</msg>
<msg timestamp="20240118 22:48:58.323" level="INFO">Executing: C:\Users\Viegas\AppData\Local\Programs\Python\Python312\Lib\site-packages\selenium\webdriver\common\windows\selenium-manager.exe --browser edge --output json</msg>
<status status="PASS" starttime="20240118 22:48:58.319" endtime="20240118 22:48:59.656"/>
</kw>
<kw name="Maximize Browser Window" library="SeleniumLibrary">
<doc>Maximizes current browser window.</doc>
<status status="PASS" starttime="20240118 22:48:59.656" endtime="20240118 22:48:59.776"/>
</kw>
<status status="PASS" starttime="20240118 22:48:58.318" endtime="20240118 22:48:59.776"/>
</kw>
<kw name="Acessar a home page do site Amazon.com.br" library="amzTestResource">
<kw name="Go To" library="SeleniumLibrary">
<arg>url=${URL}</arg>
<doc>Navigates the current browser window to the provided ``url``.</doc>
<msg timestamp="20240118 22:48:59.778" level="INFO">Opening url 'https://www.amazon.com.br/'</msg>
<status status="PASS" starttime="20240118 22:48:59.778" endtime="20240118 22:49:01.930"/>
</kw>
<kw name="Wait Until Element Is Visible" library="SeleniumLibrary">
<arg>locator=${MENU_ELETRONICOS}</arg>
<doc>Waits until the element ``locator`` is visible.</doc>
<status status="PASS" starttime="20240118 22:49:01.930" endtime="20240118 22:49:01.960"/>
</kw>
<status status="PASS" starttime="20240118 22:48:59.778" endtime="20240118 22:49:01.960"/>
</kw>
<kw name="Entrar no menu &quot;Eletrônicos&quot;" library="amzTestResource">
<kw name="Click Element" library="SeleniumLibrary">
<arg>locator=${MENU_ELETRONICOS}</arg>
<doc>Click the element identified by ``locator``.</doc>
<msg timestamp="20240118 22:49:01.961" level="INFO">Clicking element '//a[@href='/Eletronicos-e-Tecnologia/b/?ie=UTF8&amp;node=16209062011&amp;ref_=nav_cs_electronics'][contains(.,'Eletrônicos')]'.</msg>
<status status="PASS" starttime="20240118 22:49:01.960" endtime="20240118 22:49:04.327"/>
</kw>
<status status="PASS" starttime="20240118 22:49:01.960" endtime="20240118 22:49:04.327"/>
</kw>
<kw name="Verificar se aparece a frase &quot;Eletrônicos e Tecnologia&quot;" library="amzTestResource">
<kw name="Wait Until Page Contains" library="SeleniumLibrary">
<arg>text=${TEXTO_HEADER_ELETRONICOS}</arg>
<doc>Waits until ``text`` appears on the current page.</doc>
<status status="PASS" starttime="20240118 22:49:04.328" endtime="20240118 22:49:04.409"/>
</kw>
<kw name="Wait Until Element Is Visible" library="SeleniumLibrary">
<arg>locator=${HEADER_ELETRONICOS}</arg>
<doc>Waits until the element ``locator`` is visible.</doc>
<status status="PASS" starttime="20240118 22:49:04.409" endtime="20240118 22:49:04.467"/>
</kw>
<status status="PASS" starttime="20240118 22:49:04.327" endtime="20240118 22:49:04.467"/>
</kw>
<kw name="Verificar se o título da página fica &quot;Eletrônicos e Tecnologia | Amazon.com.br&quot;" library="amzTestResource" sourcename="Verificar se o título da página fica &quot;${TITULO}&quot;">
<kw name="Title Should Be" library="SeleniumLibrary">
<arg>title=${TITULO}</arg>
<doc>Verifies that the current page title equals ``title``.</doc>
<msg timestamp="20240118 22:49:04.482" level="INFO">Page title is 'Eletrônicos e Tecnologia | Amazon.com.br'.</msg>
<status status="PASS" starttime="20240118 22:49:04.467" endtime="20240118 22:49:04.482"/>
</kw>
<status status="PASS" starttime="20240118 22:49:04.467" endtime="20240118 22:49:04.482"/>
</kw>
<kw name="Verificar se aparece a categoria &quot;Computadores e Informática&quot;" library="amzTestResource" sourcename="Verificar se aparece a categoria &quot;${CATEGORIA}&quot;">
<kw name="Element Should Be Visible" library="SeleniumLibrary">
<arg>locator=//img[contains(@alt,'${CATEGORIA}')]</arg>
<doc>Verifies that the element identified by ``locator`` is visible.</doc>
<msg timestamp="20240118 22:49:04.561" level="INFO">Element '//img[contains(@alt,'Computadores e Informática')]' is displayed.</msg>
<status status="PASS" starttime="20240118 22:49:04.483" endtime="20240118 22:49:04.561"/>
</kw>
<status status="PASS" starttime="20240118 22:49:04.483" endtime="20240118 22:49:04.561"/>
</kw>
<kw name="Verificar se aparece a categoria &quot;Tablets&quot;" library="amzTestResource" sourcename="Verificar se aparece a categoria &quot;${CATEGORIA}&quot;">
<kw name="Element Should Be Visible" library="SeleniumLibrary">
<arg>locator=//img[contains(@alt,'${CATEGORIA}')]</arg>
<doc>Verifies that the element identified by ``locator`` is visible.</doc>
<msg timestamp="20240118 22:49:04.649" level="INFO">Element '//img[contains(@alt,'Tablets')]' is displayed.</msg>
<status status="PASS" starttime="20240118 22:49:04.562" endtime="20240118 22:49:04.649"/>
</kw>
<status status="PASS" starttime="20240118 22:49:04.562" endtime="20240118 22:49:04.649"/>
</kw>
<kw name="Fechar o navegador" library="amzTestResource" type="TEARDOWN">
<kw name="Capture Page Screenshot" library="SeleniumLibrary">
<doc>Takes a screenshot of the current page and embeds it into a log file.</doc>
<msg timestamp="20240118 22:49:05.046" level="INFO" html="true">&lt;/td&gt;&lt;/tr&gt;&lt;tr&gt;&lt;td colspan="3"&gt;&lt;a href="selenium-screenshot-1.png"&gt;&lt;img src="selenium-screenshot-1.png" width="800px"&gt;&lt;/a&gt;</msg>
<status status="PASS" starttime="20240118 22:49:04.650" endtime="20240118 22:49:05.046"/>
</kw>
<kw name="Close Browser" library="SeleniumLibrary">
<doc>Closes the current browser.</doc>
<status status="PASS" starttime="20240118 22:49:05.046" endtime="20240118 22:49:07.263"/>
</kw>
<status status="PASS" starttime="20240118 22:49:04.650" endtime="20240118 22:49:07.263"/>
</kw>
<doc>Esse teste verifica o menu Eletrônicos da Amazon.com.br
categoria computadores e Informática</doc>
<tag>menus</tag>
<status status="PASS" starttime="20240118 22:48:58.318" endtime="20240118 22:49:07.263"/>
</test>
<test id="s1-t2" name="Caso de Teste 02 - Pesquisa de um Produto" line="23">
<kw name="Abrir o navegador" library="amzTestResource" type="SETUP">
<kw name="Open Browser" library="SeleniumLibrary">
<arg>browser=edge</arg>
<doc>Opens a new browser instance to the optional ``url``.</doc>
<msg timestamp="20240118 22:49:07.266" level="INFO">Opening browser 'edge' to base url 'None'.</msg>
<msg timestamp="20240118 22:49:07.271" level="INFO">Executing: C:\Users\Viegas\AppData\Local\Programs\Python\Python312\Lib\site-packages\selenium\webdriver\common\windows\selenium-manager.exe --browser edge --output json</msg>
<status status="PASS" starttime="20240118 22:49:07.266" endtime="20240118 22:49:08.535"/>
</kw>
<kw name="Maximize Browser Window" library="SeleniumLibrary">
<doc>Maximizes current browser window.</doc>
<status status="PASS" starttime="20240118 22:49:08.535" endtime="20240118 22:49:08.666"/>
</kw>
<status status="PASS" starttime="20240118 22:49:07.265" endtime="20240118 22:49:08.667"/>
</kw>
<kw name="Acessar a home page do site Amazon.com.br" library="amzTestResource">
<kw name="Go To" library="SeleniumLibrary">
<arg>url=${URL}</arg>
<doc>Navigates the current browser window to the provided ``url``.</doc>
<msg timestamp="20240118 22:49:08.669" level="INFO">Opening url 'https://www.amazon.com.br/'</msg>
<status status="PASS" starttime="20240118 22:49:08.668" endtime="20240118 22:49:10.747"/>
</kw>
<kw name="Wait Until Element Is Visible" library="SeleniumLibrary">
<arg>locator=${MENU_ELETRONICOS}</arg>
<doc>Waits until the element ``locator`` is visible.</doc>
<status status="PASS" starttime="20240118 22:49:10.747" endtime="20240118 22:49:10.786"/>
</kw>
<status status="PASS" starttime="20240118 22:49:08.668" endtime="20240118 22:49:10.786"/>
</kw>
<kw name="Digitar o nome de produto &quot;Xbox Series S&quot; no campo de pesquisa" library="amzTestResource" sourcename="Digitar o nome de produto &quot;${TEXTO}&quot; no campo de pesquisa">
<kw name="Input Text" library="SeleniumLibrary">
<arg>locator=${PESQUISA}</arg>
<arg>text=${TEXTO}</arg>
<doc>Types the given ``text`` into the text field identified by ``locator``.</doc>
<msg timestamp="20240118 22:49:10.787" level="INFO">Typing text 'Xbox Series S' into text field '//input[contains(@type,'text')]'.</msg>
<status status="PASS" starttime="20240118 22:49:10.787" endtime="20240118 22:49:11.038"/>
</kw>
<status status="PASS" starttime="20240118 22:49:10.786" endtime="20240118 22:49:11.039"/>
</kw>
<kw name="Clicar no botão de pesquisa" library="amzTestResource">
<kw name="Click Element" library="SeleniumLibrary">
<arg>locator=${CLICK_PESQUISAR}</arg>
<doc>Click the element identified by ``locator``.</doc>
<msg timestamp="20240118 22:49:11.041" level="INFO">Clicking element '//input[contains(@type,'submit')]'.</msg>
<status status="PASS" starttime="20240118 22:49:11.040" endtime="20240118 22:49:12.869"/>
</kw>
<status status="PASS" starttime="20240118 22:49:11.039" endtime="20240118 22:49:12.869"/>
</kw>
<kw name="Verificar o resultado da pesquisa se está listando o produdo pesquisado &quot;Console Xbox Series S&quot;" library="amzTestResource">
<kw name="Wait Until Element Is Visible" library="SeleniumLibrary">
<arg>locator=${RESULTADO_PESQUISA}</arg>
<doc>Waits until the element ``locator`` is visible.</doc>
<status status="PASS" starttime="20240118 22:49:12.870" endtime="20240118 22:49:12.904"/>
</kw>
<status status="PASS" starttime="20240118 22:49:12.870" endtime="20240118 22:49:12.904"/>
</kw>
<kw name="Fechar o navegador" library="amzTestResource" type="TEARDOWN">
<kw name="Capture Page Screenshot" library="SeleniumLibrary">
<doc>Takes a screenshot of the current page and embeds it into a log file.</doc>
<msg timestamp="20240118 22:49:13.171" level="INFO" html="true">&lt;/td&gt;&lt;/tr&gt;&lt;tr&gt;&lt;td colspan="3"&gt;&lt;a href="selenium-screenshot-2.png"&gt;&lt;img src="selenium-screenshot-2.png" width="800px"&gt;&lt;/a&gt;</msg>
<status status="PASS" starttime="20240118 22:49:12.904" endtime="20240118 22:49:13.171"/>
</kw>
<kw name="Close Browser" library="SeleniumLibrary">
<doc>Closes the current browser.</doc>
<status status="PASS" starttime="20240118 22:49:13.171" endtime="20240118 22:49:15.373"/>
</kw>
<status status="PASS" starttime="20240118 22:49:12.904" endtime="20240118 22:49:15.373"/>
</kw>
<doc>Este teste verifica a busca de um produdo</doc>
<tag>busca_produtos lista_busca</tag>
<status status="PASS" starttime="20240118 22:49:07.265" endtime="20240118 22:49:15.374"/>
</test>
<test id="s1-t3" name="Caso de Teste 03 - Adicionar Produto no Carrinho" line="31">
<kw name="Abrir o navegador" library="amzTestResource" type="SETUP">
<kw name="Open Browser" library="SeleniumLibrary">
<arg>browser=edge</arg>
<doc>Opens a new browser instance to the optional ``url``.</doc>
<msg timestamp="20240118 22:49:15.380" level="INFO">Opening browser 'edge' to base url 'None'.</msg>
<msg timestamp="20240118 22:49:15.390" level="INFO">Executing: C:\Users\Viegas\AppData\Local\Programs\Python\Python312\Lib\site-packages\selenium\webdriver\common\windows\selenium-manager.exe --browser edge --output json</msg>
<status status="PASS" starttime="20240118 22:49:15.379" endtime="20240118 22:49:16.577"/>
</kw>
<kw name="Maximize Browser Window" library="SeleniumLibrary">
<doc>Maximizes current browser window.</doc>
<status status="PASS" starttime="20240118 22:49:16.577" endtime="20240118 22:49:16.718"/>
</kw>
<status status="PASS" starttime="20240118 22:49:15.378" endtime="20240118 22:49:16.718"/>
</kw>
<kw name="Acessar a home page do site Amazon.com.br" library="amzTestResource">
<kw name="Go To" library="SeleniumLibrary">
<arg>url=${URL}</arg>
<doc>Navigates the current browser window to the provided ``url``.</doc>
<msg timestamp="20240118 22:49:16.722" level="INFO">Opening url 'https://www.amazon.com.br/'</msg>
<status status="PASS" starttime="20240118 22:49:16.721" endtime="20240118 22:49:18.777"/>
</kw>
<kw name="Wait Until Element Is Visible" library="SeleniumLibrary">
<arg>locator=${MENU_ELETRONICOS}</arg>
<doc>Waits until the element ``locator`` is visible.</doc>
<status status="PASS" starttime="20240118 22:49:18.777" endtime="20240118 22:49:18.829"/>
</kw>
<status status="PASS" starttime="20240118 22:49:16.720" endtime="20240118 22:49:18.830"/>
</kw>
<kw name="Digitar o nome de produto &quot;Xbox Series S&quot; no campo de pesquisa" library="amzTestResource" sourcename="Digitar o nome de produto &quot;${TEXTO}&quot; no campo de pesquisa">
<kw name="Input Text" library="SeleniumLibrary">
<arg>locator=${PESQUISA}</arg>
<arg>text=${TEXTO}</arg>
<doc>Types the given ``text`` into the text field identified by ``locator``.</doc>
<msg timestamp="20240118 22:49:18.831" level="INFO">Typing text 'Xbox Series S' into text field '//input[contains(@type,'text')]'.</msg>
<status status="PASS" starttime="20240118 22:49:18.830" endtime="20240118 22:49:19.059"/>
</kw>
<status status="PASS" starttime="20240118 22:49:18.830" endtime="20240118 22:49:19.059"/>
</kw>
<kw name="Clicar no botão de pesquisa" library="amzTestResource">
<kw name="Click Element" library="SeleniumLibrary">
<arg>locator=${CLICK_PESQUISAR}</arg>
<doc>Click the element identified by ``locator``.</doc>
<msg timestamp="20240118 22:49:19.060" level="INFO">Clicking element '//input[contains(@type,'submit')]'.</msg>
<status status="PASS" starttime="20240118 22:49:19.060" endtime="20240118 22:49:20.824"/>
</kw>
<status status="PASS" starttime="20240118 22:49:19.060" endtime="20240118 22:49:20.824"/>
</kw>
<kw name="Verificar o resultado da pesquisa se está listando o produdo pesquisado &quot;Console Xbox Series S&quot;" library="amzTestResource">
<kw name="Wait Until Element Is Visible" library="SeleniumLibrary">
<arg>locator=${RESULTADO_PESQUISA}</arg>
<doc>Waits until the element ``locator`` is visible.</doc>
<status status="PASS" starttime="20240118 22:49:20.825" endtime="20240118 22:49:20.858"/>
</kw>
<status status="PASS" starttime="20240118 22:49:20.824" endtime="20240118 22:49:20.858"/>
</kw>
<kw name="Selecionar o item &quot;Console Xbox Series S&quot;" library="amzTestResource">
<kw name="Click Element" library="SeleniumLibrary">
<arg>locator=${SELECIONAR_ITEM}</arg>
<doc>Click the element identified by ``locator``.</doc>
<msg timestamp="20240118 22:49:20.859" level="INFO">Clicking element '//span[@class='a-size-base-plus a-color-base a-text-normal'][contains(.,'Console Xbox Series S')]'.</msg>
<status status="PASS" starttime="20240118 22:49:20.858" endtime="20240118 22:49:24.712"/>
</kw>
<status status="PASS" starttime="20240118 22:49:20.858" endtime="20240118 22:49:24.712"/>
</kw>
<kw name="Adicionar o produto &quot;Console Xbox Series S&quot; no carrinho" library="amzTestResource">
<kw name="Click Button" library="SeleniumLibrary">
<arg>locator=${ADC_CARRINHO}</arg>
<doc>Clicks the button identified by ``locator``.</doc>
<msg timestamp="20240118 22:49:24.713" level="INFO">Clicking button '//input[contains(@name,'submit.add-to-cart')]'.</msg>
<status status="PASS" starttime="20240118 22:49:24.713" endtime="20240118 22:49:26.374"/>
</kw>
<status status="PASS" starttime="20240118 22:49:24.712" endtime="20240118 22:49:26.375"/>
</kw>
<kw name="Verificar se o produto &quot;Console Xbox Series S&quot; foi adicionado com sucesso" library="amzTestResource">
<kw name="Click Element" library="SeleniumLibrary">
<arg>locator=${VER_CARRINHO}</arg>
<doc>Click the element identified by ``locator``.</doc>
<msg timestamp="20240118 22:49:26.377" level="INFO">Clicking element '//a[contains(.,'Ir para o carrinho')]'.</msg>
<status status="PASS" starttime="20240118 22:49:26.376" endtime="20240118 22:49:27.449"/>
</kw>
<status status="PASS" starttime="20240118 22:49:26.376" endtime="20240118 22:49:27.449"/>
</kw>
<kw name="Fechar o navegador" library="amzTestResource" type="TEARDOWN">
<kw name="Capture Page Screenshot" library="SeleniumLibrary">
<doc>Takes a screenshot of the current page and embeds it into a log file.</doc>
<msg timestamp="20240118 22:49:27.632" level="INFO" html="true">&lt;/td&gt;&lt;/tr&gt;&lt;tr&gt;&lt;td colspan="3"&gt;&lt;a href="selenium-screenshot-3.png"&gt;&lt;img src="selenium-screenshot-3.png" width="800px"&gt;&lt;/a&gt;</msg>
<status status="PASS" starttime="20240118 22:49:27.449" endtime="20240118 22:49:27.632"/>
</kw>
<kw name="Close Browser" library="SeleniumLibrary">
<doc>Closes the current browser.</doc>
<status status="PASS" starttime="20240118 22:49:27.632" endtime="20240118 22:49:29.856"/>
</kw>
<status status="PASS" starttime="20240118 22:49:27.449" endtime="20240118 22:49:29.856"/>
</kw>
<doc>Esse teste verifica a adição de um produto no carrinho de compras</doc>
<tag>adicionar_carrinho</tag>
<status status="PASS" starttime="20240118 22:49:15.377" endtime="20240118 22:49:29.858"/>
</test>
<test id="s1-t4" name="Caso de Teste 04 - Remover Produto do Carrinho" line="42">
<kw name="Abrir o navegador" library="amzTestResource" type="SETUP">
<kw name="Open Browser" library="SeleniumLibrary">
<arg>browser=edge</arg>
<doc>Opens a new browser instance to the optional ``url``.</doc>
<msg timestamp="20240118 22:49:29.863" level="INFO">Opening browser 'edge' to base url 'None'.</msg>
<msg timestamp="20240118 22:49:29.875" level="INFO">Executing: C:\Users\Viegas\AppData\Local\Programs\Python\Python312\Lib\site-packages\selenium\webdriver\common\windows\selenium-manager.exe --browser edge --output json</msg>
<status status="PASS" starttime="20240118 22:49:29.862" endtime="20240118 22:49:31.069"/>
</kw>
<kw name="Maximize Browser Window" library="SeleniumLibrary">
<doc>Maximizes current browser window.</doc>
<status status="PASS" starttime="20240118 22:49:31.069" endtime="20240118 22:49:31.192"/>
</kw>
<status status="PASS" starttime="20240118 22:49:29.862" endtime="20240118 22:49:31.192"/>
</kw>
<kw name="Acessar a home page do site Amazon.com.br" library="amzTestResource">
<kw name="Go To" library="SeleniumLibrary">
<arg>url=${URL}</arg>
<doc>Navigates the current browser window to the provided ``url``.</doc>
<msg timestamp="20240118 22:49:31.197" level="INFO">Opening url 'https://www.amazon.com.br/'</msg>
<status status="PASS" starttime="20240118 22:49:31.195" endtime="20240118 22:49:33.484"/>
</kw>
<kw name="Wait Until Element Is Visible" library="SeleniumLibrary">
<arg>locator=${MENU_ELETRONICOS}</arg>
<doc>Waits until the element ``locator`` is visible.</doc>
<status status="PASS" starttime="20240118 22:49:33.484" endtime="20240118 22:49:33.511"/>
</kw>
<status status="PASS" starttime="20240118 22:49:31.193" endtime="20240118 22:49:33.512"/>
</kw>
<kw name="Digitar o nome de produto &quot;Xbox Series S&quot; no campo de pesquisa" library="amzTestResource" sourcename="Digitar o nome de produto &quot;${TEXTO}&quot; no campo de pesquisa">
<kw name="Input Text" library="SeleniumLibrary">
<arg>locator=${PESQUISA}</arg>
<arg>text=${TEXTO}</arg>
<doc>Types the given ``text`` into the text field identified by ``locator``.</doc>
<msg timestamp="20240118 22:49:33.512" level="INFO">Typing text 'Xbox Series S' into text field '//input[contains(@type,'text')]'.</msg>
<status status="PASS" starttime="20240118 22:49:33.512" endtime="20240118 22:49:33.728"/>
</kw>
<status status="PASS" starttime="20240118 22:49:33.512" endtime="20240118 22:49:33.728"/>
</kw>
<kw name="Clicar no botão de pesquisa" library="amzTestResource">
<kw name="Click Element" library="SeleniumLibrary">
<arg>locator=${CLICK_PESQUISAR}</arg>
<doc>Click the element identified by ``locator``.</doc>
<msg timestamp="20240118 22:49:33.729" level="INFO">Clicking element '//input[contains(@type,'submit')]'.</msg>
<status status="PASS" starttime="20240118 22:49:33.729" endtime="20240118 22:49:36.720"/>
</kw>
<status status="PASS" starttime="20240118 22:49:33.729" endtime="20240118 22:49:36.720"/>
</kw>
<kw name="Verificar o resultado da pesquisa se está listando o produdo pesquisado &quot;Console Xbox Series S&quot;" library="amzTestResource">
<kw name="Wait Until Element Is Visible" library="SeleniumLibrary">
<arg>locator=${RESULTADO_PESQUISA}</arg>
<doc>Waits until the element ``locator`` is visible.</doc>
<status status="PASS" starttime="20240118 22:49:36.721" endtime="20240118 22:49:36.761"/>
</kw>
<status status="PASS" starttime="20240118 22:49:36.721" endtime="20240118 22:49:36.761"/>
</kw>
<kw name="Selecionar o item &quot;Console Xbox Series S&quot;" library="amzTestResource">
<kw name="Click Element" library="SeleniumLibrary">
<arg>locator=${SELECIONAR_ITEM}</arg>
<doc>Click the element identified by ``locator``.</doc>
<msg timestamp="20240118 22:49:36.763" level="INFO">Clicking element '//span[@class='a-size-base-plus a-color-base a-text-normal'][contains(.,'Console Xbox Series S')]'.</msg>
<status status="PASS" starttime="20240118 22:49:36.762" endtime="20240118 22:49:42.857"/>
</kw>
<status status="PASS" starttime="20240118 22:49:36.762" endtime="20240118 22:49:42.857"/>
</kw>
<kw name="Adicionar o produto &quot;Console Xbox Series S&quot; no carrinho" library="amzTestResource">
<kw name="Click Button" library="SeleniumLibrary">
<arg>locator=${ADC_CARRINHO}</arg>
<doc>Clicks the button identified by ``locator``.</doc>
<msg timestamp="20240118 22:49:42.859" level="INFO">Clicking button '//input[contains(@name,'submit.add-to-cart')]'.</msg>
<status status="PASS" starttime="20240118 22:49:42.859" endtime="20240118 22:49:44.639"/>
</kw>
<status status="PASS" starttime="20240118 22:49:42.859" endtime="20240118 22:49:44.640"/>
</kw>
<kw name="Verificar se o produto &quot;Console Xbox Series S&quot; foi adicionado com sucesso" library="amzTestResource">
<kw name="Click Element" library="SeleniumLibrary">
<arg>locator=${VER_CARRINHO}</arg>
<doc>Click the element identified by ``locator``.</doc>
<msg timestamp="20240118 22:49:44.641" level="INFO">Clicking element '//a[contains(.,'Ir para o carrinho')]'.</msg>
<status status="PASS" starttime="20240118 22:49:44.640" endtime="20240118 22:49:46.774"/>
</kw>
<status status="PASS" starttime="20240118 22:49:44.640" endtime="20240118 22:49:46.774"/>
</kw>
<kw name="Remover o produto &quot;Console Xbox Series S&quot; do carrinho" library="amzTestResource">
<kw name="Click Button" library="SeleniumLibrary">
<arg>locator=${EXCLUIR_ITEM}</arg>
<doc>Clicks the button identified by ``locator``.</doc>
<msg timestamp="20240118 22:49:46.775" level="INFO">Clicking button '//input[@aria-label='Excluir Console Xbox Series S']'.</msg>
<status status="PASS" starttime="20240118 22:49:46.774" endtime="20240118 22:49:46.863"/>
</kw>
<status status="PASS" starttime="20240118 22:49:46.774" endtime="20240118 22:49:46.863"/>
</kw>
<kw name="Verificar se o carrinho fica vazio" library="amzTestResource">
<kw name="Wait Until Element Is Visible" library="SeleniumLibrary">
<arg>locator=${ITEM_EXCLUIDO}</arg>
<doc>Waits until the element ``locator`` is visible.</doc>
<status status="PASS" starttime="20240118 22:49:46.864" endtime="20240118 22:49:47.302"/>
</kw>
<status status="PASS" starttime="20240118 22:49:46.863" endtime="20240118 22:49:47.302"/>
</kw>
<kw name="Fechar o navegador" library="amzTestResource" type="TEARDOWN">
<kw name="Capture Page Screenshot" library="SeleniumLibrary">
<doc>Takes a screenshot of the current page and embeds it into a log file.</doc>
<msg timestamp="20240118 22:49:47.488" level="INFO" html="true">&lt;/td&gt;&lt;/tr&gt;&lt;tr&gt;&lt;td colspan="3"&gt;&lt;a href="selenium-screenshot-4.png"&gt;&lt;img src="selenium-screenshot-4.png" width="800px"&gt;&lt;/a&gt;</msg>
<status status="PASS" starttime="20240118 22:49:47.303" endtime="20240118 22:49:47.489"/>
</kw>
<kw name="Close Browser" library="SeleniumLibrary">
<doc>Closes the current browser.</doc>
<status status="PASS" starttime="20240118 22:49:47.489" endtime="20240118 22:49:49.717"/>
</kw>
<status status="PASS" starttime="20240118 22:49:47.303" endtime="20240118 22:49:49.717"/>
</kw>
<doc>Esse teste verifica a remoção de um produto no carrinho de compras</doc>
<tag>remover_carrinho</tag>
<status status="PASS" starttime="20240118 22:49:29.860" endtime="20240118 22:49:49.717"/>
</test>
<doc>Essa suite testa o site da Amazon.com.br</doc>
<status status="PASS" starttime="20240118 22:48:58.119" endtime="20240118 22:49:49.719"/>
</suite>
<statistics>
<total>
<stat pass="4" fail="0" skip="0">All Tests</stat>
</total>
<tag>
<stat pass="1" fail="0" skip="0">adicionar_carrinho</stat>
<stat pass="1" fail="0" skip="0">busca_produtos lista_busca</stat>
<stat pass="1" fail="0" skip="0">menus</stat>
<stat pass="1" fail="0" skip="0">remover_carrinho</stat>
</tag>
<suite>
<stat pass="4" fail="0" skip="0" id="s1" name="amzTest">amzTest</stat>
</suite>
</statistics>
<errors>
</errors>
</robot>
