<?xml version="1.0" encoding="UTF-8"?>
<robot generator="Robot 6.1.1 (Python 3.12.1 on win32)" generated="20240118 22:46:12.362" rpa="false" schemaversion="4">
<suite id="s1" name="amzTest bdd" source="C:\projetos\Robot\siteAmz\amz-test-robot\gherkin\amzTest_bdd.robot">
<test id="s1-t1" name="Caso de Teste 01 - Acesso ao menu &quot;Eletrônicos&quot;" line="12">
<kw name="Abrir o navegador" library="amzTestResource_bdd" type="SETUP">
<kw name="Open Browser" library="SeleniumLibrary">
<arg>browser=edge</arg>
<doc>Opens a new browser instance to the optional ``url``.</doc>
<msg timestamp="20240118 22:46:12.565" level="INFO">Opening browser 'edge' to base url 'None'.</msg>
<msg timestamp="20240118 22:46:12.569" level="INFO">Executing: C:\Users\Viegas\AppData\Local\Programs\Python\Python312\Lib\site-packages\selenium\webdriver\common\windows\selenium-manager.exe --browser edge --output json</msg>
<status status="PASS" starttime="20240118 22:46:12.565" endtime="20240118 22:46:13.925"/>
</kw>
<kw name="Maximize Browser Window" library="SeleniumLibrary">
<doc>Maximizes current browser window.</doc>
<status status="PASS" starttime="20240118 22:46:13.925" endtime="20240118 22:46:14.058"/>
</kw>
<status status="PASS" starttime="20240118 22:46:12.564" endtime="20240118 22:46:14.059"/>
</kw>
<kw name="Dado que estou na home page da Amazon.com.br" library="amzTestResource_bdd">
<kw name="Go To" library="SeleniumLibrary">
<arg>url=${URL}</arg>
<doc>Navigates the current browser window to the provided ``url``.</doc>
<msg timestamp="20240118 22:46:14.059" level="INFO">Opening url 'https://www.amazon.com.br/'</msg>
<status status="PASS" starttime="20240118 22:46:14.059" endtime="20240118 22:46:16.998"/>
</kw>
<kw name="Wait Until Element Is Visible" library="SeleniumLibrary">
<arg>locator=${MENU_ELETRONICOS}</arg>
<doc>Waits until the element ``locator`` is visible.</doc>
<status status="PASS" starttime="20240118 22:46:16.999" endtime="20240118 22:46:17.031"/>
</kw>
<status status="PASS" starttime="20240118 22:46:14.059" endtime="20240118 22:46:17.031"/>
</kw>
<kw name="Quando acessar o menu &quot;Eletrônicos&quot;" library="amzTestResource_bdd">
<kw name="Click Element" library="SeleniumLibrary">
<arg>locator=${MENU_ELETRONICOS}</arg>
<doc>Click the element identified by ``locator``.</doc>
<msg timestamp="20240118 22:46:17.032" level="INFO">Clicking element '//a[@href='/Eletronicos-e-Tecnologia/b/?ie=UTF8&amp;node=16209062011&amp;ref_=nav_cs_electronics'][contains(.,'Eletrônicos')]'.</msg>
<status status="PASS" starttime="20240118 22:46:17.031" endtime="20240118 22:46:19.516"/>
</kw>
<status status="PASS" starttime="20240118 22:46:17.031" endtime="20240118 22:46:19.516"/>
</kw>
<kw name="Então o título da página deve ficar &quot;Eletrônicos e Tecnologia | Amazon.com.br&quot;" library="amzTestResource_bdd">
<kw name="Wait Until Page Contains" library="SeleniumLibrary">
<arg>text=${TEXTO_HEADER_ELETRONICOS}</arg>
<doc>Waits until ``text`` appears on the current page.</doc>
<status status="PASS" starttime="20240118 22:46:19.517" endtime="20240118 22:46:19.604"/>
</kw>
<kw name="Wait Until Element Is Visible" library="SeleniumLibrary">
<arg>locator=${HEADER_ELETRONICOS}</arg>
<doc>Waits until the element ``locator`` is visible.</doc>
<status status="PASS" starttime="20240118 22:46:19.604" endtime="20240118 22:46:19.672"/>
</kw>
<status status="PASS" starttime="20240118 22:46:19.517" endtime="20240118 22:46:19.673"/>
</kw>
<kw name="E o texto &quot;Eletrônicos e Tecnologia&quot; deve ser exibido na página" library="amzTestResource_bdd" sourcename="E o texto &quot;${CATEGORIA}&quot; deve ser exibido na página">
<kw name="Element Should Be Visible" library="SeleniumLibrary">
<arg>locator=//h1[contains(.,'${CATEGORIA}')]</arg>
<doc>Verifies that the element identified by ``locator`` is visible.</doc>
<msg timestamp="20240118 22:46:19.734" level="INFO">Element '//h1[contains(.,'Eletrônicos e Tecnologia')]' is displayed.</msg>
<status status="PASS" starttime="20240118 22:46:19.673" endtime="20240118 22:46:19.734"/>
</kw>
<status status="PASS" starttime="20240118 22:46:19.673" endtime="20240118 22:46:19.734"/>
</kw>
<kw name="Fechar o navegador" library="amzTestResource_bdd" type="TEARDOWN">
<kw name="Capture Page Screenshot" library="SeleniumLibrary">
<doc>Takes a screenshot of the current page and embeds it into a log file.</doc>
<msg timestamp="20240118 22:46:20.061" level="INFO" html="true">&lt;/td&gt;&lt;/tr&gt;&lt;tr&gt;&lt;td colspan="3"&gt;&lt;a href="selenium-screenshot-1.png"&gt;&lt;img src="selenium-screenshot-1.png" width="800px"&gt;&lt;/a&gt;</msg>
<status status="PASS" starttime="20240118 22:46:19.735" endtime="20240118 22:46:20.061"/>
</kw>
<kw name="Close Browser" library="SeleniumLibrary">
<doc>Closes the current browser.</doc>
<status status="PASS" starttime="20240118 22:46:20.061" endtime="20240118 22:46:22.251"/>
</kw>
<status status="PASS" starttime="20240118 22:46:19.734" endtime="20240118 22:46:22.251"/>
</kw>
<doc>Esse teste verifica o menu Eletrônicos da Amazon.com.br
categoria computadores e Informática</doc>
<tag>menus</tag>
<status status="PASS" starttime="20240118 22:46:12.563" endtime="20240118 22:46:22.252"/>
</test>
<test id="s1-t2" name="Caso de Teste 02 - Pesquisa de um Produto" line="21">
<kw name="Abrir o navegador" library="amzTestResource_bdd" type="SETUP">
<kw name="Open Browser" library="SeleniumLibrary">
<arg>browser=edge</arg>
<doc>Opens a new browser instance to the optional ``url``.</doc>
<msg timestamp="20240118 22:46:22.256" level="INFO">Opening browser 'edge' to base url 'None'.</msg>
<msg timestamp="20240118 22:46:22.267" level="INFO">Executing: C:\Users\Viegas\AppData\Local\Programs\Python\Python312\Lib\site-packages\selenium\webdriver\common\windows\selenium-manager.exe --browser edge --output json</msg>
<status status="PASS" starttime="20240118 22:46:22.256" endtime="20240118 22:46:23.533"/>
</kw>
<kw name="Maximize Browser Window" library="SeleniumLibrary">
<doc>Maximizes current browser window.</doc>
<status status="PASS" starttime="20240118 22:46:23.533" endtime="20240118 22:46:23.668"/>
</kw>
<status status="PASS" starttime="20240118 22:46:22.255" endtime="20240118 22:46:23.668"/>
</kw>
<kw name="Dado que estou na home page da Amazon.com.br" library="amzTestResource_bdd">
<kw name="Go To" library="SeleniumLibrary">
<arg>url=${URL}</arg>
<doc>Navigates the current browser window to the provided ``url``.</doc>
<msg timestamp="20240118 22:46:23.669" level="INFO">Opening url 'https://www.amazon.com.br/'</msg>
<status status="PASS" starttime="20240118 22:46:23.669" endtime="20240118 22:46:25.556"/>
</kw>
<kw name="Wait Until Element Is Visible" library="SeleniumLibrary">
<arg>locator=${MENU_ELETRONICOS}</arg>
<doc>Waits until the element ``locator`` is visible.</doc>
<status status="PASS" starttime="20240118 22:46:25.556" endtime="20240118 22:46:25.584"/>
</kw>
<status status="PASS" starttime="20240118 22:46:23.668" endtime="20240118 22:46:25.584"/>
</kw>
<kw name="Quando pesquisar pelo produto &quot;Xbox Series S&quot;" library="amzTestResource_bdd" sourcename="Quando pesquisar pelo produto &quot;${TEXTO}&quot;">
<kw name="Input Text" library="SeleniumLibrary">
<arg>locator=${PESQUISA}</arg>
<arg>text=${TEXTO}</arg>
<doc>Types the given ``text`` into the text field identified by ``locator``.</doc>
<msg timestamp="20240118 22:46:25.585" level="INFO">Typing text 'Xbox Series S' into text field '//input[contains(@type,'text')]'.</msg>
<status status="PASS" starttime="20240118 22:46:25.585" endtime="20240118 22:46:25.804"/>
</kw>
<kw name="Click Element" library="SeleniumLibrary">
<arg>locator=${CLICK_PESQUISAR}</arg>
<doc>Click the element identified by ``locator``.</doc>
<msg timestamp="20240118 22:46:25.805" level="INFO">Clicking element '//input[contains(@type,'submit')]'.</msg>
<status status="PASS" starttime="20240118 22:46:25.804" endtime="20240118 22:46:27.625"/>
</kw>
<status status="PASS" starttime="20240118 22:46:25.585" endtime="20240118 22:46:27.625"/>
</kw>
<kw name="Então o título da página deve ficar &quot;Amazon.com.br : Xbox Series S&quot;" library="amzTestResource_bdd">
<kw name="Wait Until Element Is Visible" library="SeleniumLibrary">
<arg>locator=${RESULTADO_PESQUISA}</arg>
<doc>Waits until the element ``locator`` is visible.</doc>
<status status="PASS" starttime="20240118 22:46:27.626" endtime="20240118 22:46:27.671"/>
</kw>
<status status="PASS" starttime="20240118 22:46:27.626" endtime="20240118 22:46:27.671"/>
</kw>
<kw name="E um produto da linha &quot;Xbox Series S&quot; deve ser mostrado na página" library="amzTestResource_bdd">
<kw name="Click Element" library="SeleniumLibrary">
<arg>locator=${SELECIONAR_ITEM}</arg>
<doc>Click the element identified by ``locator``.</doc>
<msg timestamp="20240118 22:46:27.672" level="INFO">Clicking element '//span[@class='a-size-base-plus a-color-base a-text-normal'][contains(.,'Console Xbox Series S')]'.</msg>
<status status="PASS" starttime="20240118 22:46:27.671" endtime="20240118 22:46:33.997"/>
</kw>
<status status="PASS" starttime="20240118 22:46:27.671" endtime="20240118 22:46:33.997"/>
</kw>
<kw name="Fechar o navegador" library="amzTestResource_bdd" type="TEARDOWN">
<kw name="Capture Page Screenshot" library="SeleniumLibrary">
<doc>Takes a screenshot of the current page and embeds it into a log file.</doc>
<msg timestamp="20240118 22:46:34.229" level="INFO" html="true">&lt;/td&gt;&lt;/tr&gt;&lt;tr&gt;&lt;td colspan="3"&gt;&lt;a href="selenium-screenshot-2.png"&gt;&lt;img src="selenium-screenshot-2.png" width="800px"&gt;&lt;/a&gt;</msg>
<status status="PASS" starttime="20240118 22:46:33.997" endtime="20240118 22:46:34.229"/>
</kw>
<kw name="Close Browser" library="SeleniumLibrary">
<doc>Closes the current browser.</doc>
<status status="PASS" starttime="20240118 22:46:34.229" endtime="20240118 22:46:36.417"/>
</kw>
<status status="PASS" starttime="20240118 22:46:33.997" endtime="20240118 22:46:36.417"/>
</kw>
<doc>Este teste verifica a busca de um produdo</doc>
<tag>busca_produtos</tag>
<status status="PASS" starttime="20240118 22:46:22.254" endtime="20240118 22:46:36.418"/>
</test>
<doc>Essa suite testa o site da Amazon.com.br</doc>
<status status="PASS" starttime="20240118 22:46:12.363" endtime="20240118 22:46:36.419"/>
</suite>
<statistics>
<total>
<stat pass="2" fail="0" skip="0">All Tests</stat>
</total>
<tag>
<stat pass="1" fail="0" skip="0">busca_produtos</stat>
<stat pass="1" fail="0" skip="0">menus</stat>
</tag>
<suite>
<stat pass="2" fail="0" skip="0" id="s1" name="amzTest bdd">amzTest bdd</stat>
</suite>
</statistics>
<errors>
</errors>
</robot>
