<?xml version="1.0" encoding="UTF-8"?>
<robot generator="Robot 6.1.1 (Python 3.12.1 on win32)" generated="20240119 17:54:27.612" rpa="false" schemaversion="4">
<suite id="s1" name="amzTest bdd" source="c:\projetos\Robot\siteAmz\amz-test-robot\gherkin\amzTest_bdd.robot">
<test id="s1-t1" name="Caso de Teste 04 - Remover Produto do Carrinho" line="38">
<kw name="Abrir o navegador" library="amzTestResource_bdd" type="SETUP">
<kw name="Open Browser" library="SeleniumLibrary">
<arg>browser=edge</arg>
<doc>Opens a new browser instance to the optional ``url``.</doc>
<msg timestamp="20240119 17:54:27.809" level="INFO">Opening browser 'edge' to base url 'None'.</msg>
<msg timestamp="20240119 17:54:27.817" level="INFO">Executing: C:\Users\Viegas\AppData\Local\Programs\Python\Python312\Lib\site-packages\selenium\webdriver\common\windows\selenium-manager.exe --browser edge --output json</msg>
<status status="PASS" starttime="20240119 17:54:27.808" endtime="20240119 17:54:29.044"/>
</kw>
<kw name="Maximize Browser Window" library="SeleniumLibrary">
<doc>Maximizes current browser window.</doc>
<status status="PASS" starttime="20240119 17:54:29.045" endtime="20240119 17:54:29.163"/>
</kw>
<status status="PASS" starttime="20240119 17:54:27.808" endtime="20240119 17:54:29.163"/>
</kw>
<kw name="Dado que estou na home page da Amazon.com.br" library="amzTestResource_bdd">
<kw name="Go To" library="SeleniumLibrary">
<arg>url=${URL}</arg>
<doc>Navigates the current browser window to the provided ``url``.</doc>
<msg timestamp="20240119 17:54:29.165" level="INFO">Opening url 'https://www.amazon.com.br/'</msg>
<status status="PASS" starttime="20240119 17:54:29.165" endtime="20240119 17:54:31.788"/>
</kw>
<kw name="Wait Until Element Is Visible" library="SeleniumLibrary">
<arg>locator=${MENU_ELETRONICOS}</arg>
<doc>Waits until the element ``locator`` is visible.</doc>
<status status="PASS" starttime="20240119 17:54:31.788" endtime="20240119 17:54:31.816"/>
</kw>
<status status="PASS" starttime="20240119 17:54:29.164" endtime="20240119 17:54:31.817"/>
</kw>
<kw name="Quando pesquisar pelo produto &quot;Xbox Series S&quot;" library="amzTestResource_bdd" sourcename="Quando pesquisar pelo produto &quot;${TEXTO}&quot;">
<kw name="Input Text" library="SeleniumLibrary">
<arg>locator=${PESQUISA}</arg>
<arg>text=${TEXTO}</arg>
<doc>Types the given ``text`` into the text field identified by ``locator``.</doc>
<msg timestamp="20240119 17:54:31.818" level="INFO">Typing text 'Xbox Series S' into text field '//input[contains(@type,'text')]'.</msg>
<status status="PASS" starttime="20240119 17:54:31.817" endtime="20240119 17:54:31.999"/>
</kw>
<kw name="Click Element" library="SeleniumLibrary">
<arg>locator=${CLICK_PESQUISAR}</arg>
<doc>Click the element identified by ``locator``.</doc>
<msg timestamp="20240119 17:54:32.000" level="INFO">Clicking element '//input[contains(@type,'submit')]'.</msg>
<status status="PASS" starttime="20240119 17:54:31.999" endtime="20240119 17:54:33.649"/>
</kw>
<status status="PASS" starttime="20240119 17:54:31.817" endtime="20240119 17:54:33.649"/>
</kw>
<kw name="Então um produto da linha &quot;Xbox Series S&quot; deve ser mostrado na página" library="amzTestResource_bdd">
<kw name="Click Element" library="SeleniumLibrary">
<arg>locator=${SELECIONAR_ITEM}</arg>
<doc>Click the element identified by ``locator``.</doc>
<msg timestamp="20240119 17:54:33.651" level="INFO">Clicking element '//span[@class='a-size-base-plus a-color-base a-text-normal'][contains(.,'Console Xbox Series S')]'.</msg>
<status status="PASS" starttime="20240119 17:54:33.650" endtime="20240119 17:54:39.700"/>
</kw>
<status status="PASS" starttime="20240119 17:54:33.650" endtime="20240119 17:54:39.701"/>
</kw>
<kw name="E adicionar o produto &quot;Console Xbox Series S&quot; no carrinho" library="amzTestResource_bdd">
<kw name="Click Element" library="SeleniumLibrary">
<arg>locator=${ADC_CARRINHO}</arg>
<doc>Click the element identified by ``locator``.</doc>
<msg timestamp="20240119 17:54:39.705" level="INFO">Clicking element '//input[contains(@title,'Adicionar ao carrinho')]'.</msg>
<status status="PASS" starttime="20240119 17:54:39.703" endtime="20240119 17:54:41.027"/>
</kw>
<status status="PASS" starttime="20240119 17:54:39.702" endtime="20240119 17:54:41.027"/>
</kw>
<kw name="E deve ser mostrado no carrinho" library="amzTestResource_bdd">
<kw name="Click Element" library="SeleniumLibrary">
<arg>locator=${VER_CARRINHO}</arg>
<doc>Click the element identified by ``locator``.</doc>
<msg timestamp="20240119 17:54:41.029" level="INFO">Clicking element '//a[contains(.,'Ir para o carrinho')]'.</msg>
<status status="PASS" starttime="20240119 17:54:41.028" endtime="20240119 17:54:41.973"/>
</kw>
<status status="PASS" starttime="20240119 17:54:41.028" endtime="20240119 17:54:41.973"/>
</kw>
<kw name="E o carrinho deve ficar vazio" library="amzTestResource_bdd">
<kw name="Click Element" library="SeleniumLibrary">
<arg>locator=${EXCLUIR_ITEM}</arg>
<doc>Click the element identified by ``locator``.</doc>
<msg timestamp="20240119 17:54:41.975" level="INFO">Clicking element '//input[@aria-label='Excluir Console Xbox Series S']'.</msg>
<status status="PASS" starttime="20240119 17:54:41.974" endtime="20240119 17:54:42.061"/>
</kw>
<status status="PASS" starttime="20240119 17:54:41.973" endtime="20240119 17:54:42.062"/>
</kw>
<kw name="Fechar o navegador" library="amzTestResource_bdd" type="TEARDOWN">
<kw name="Capture Page Screenshot" library="SeleniumLibrary">
<doc>Takes a screenshot of the current page and embeds it into a log file.</doc>
<msg timestamp="20240119 17:54:42.282" level="INFO" html="true">&lt;/td&gt;&lt;/tr&gt;&lt;tr&gt;&lt;td colspan="3"&gt;&lt;a href="selenium-screenshot-2.png"&gt;&lt;img src="selenium-screenshot-2.png" width="800px"&gt;&lt;/a&gt;</msg>
<status status="PASS" starttime="20240119 17:54:42.063" endtime="20240119 17:54:42.282"/>
</kw>
<kw name="Close Browser" library="SeleniumLibrary">
<doc>Closes the current browser.</doc>
<status status="PASS" starttime="20240119 17:54:42.282" endtime="20240119 17:54:44.508"/>
</kw>
<status status="PASS" starttime="20240119 17:54:42.062" endtime="20240119 17:54:44.509"/>
</kw>
<doc>Esse teste verifica a remoção de um produto no carrinho de compras</doc>
<tag>remover_carrinho</tag>
<status status="PASS" starttime="20240119 17:54:27.807" endtime="20240119 17:54:44.510"/>
</test>
<doc>Essa suite testa o site da Amazon.com.br</doc>
<status status="PASS" starttime="20240119 17:54:27.616" endtime="20240119 17:54:44.519"/>
</suite>
<statistics>
<total>
<stat pass="1" fail="0" skip="0">All Tests</stat>
</total>
<tag>
<stat pass="1" fail="0" skip="0">remover_carrinho</stat>
</tag>
<suite>
<stat pass="1" fail="0" skip="0" id="s1" name="amzTest bdd">amzTest bdd</stat>
</suite>
</statistics>
<errors>
</errors>
</robot>
